-------------------------------------------------------------------------------
Test set: Selenium_4_Tests.TestDevToolsNetworkInterception
-------------------------------------------------------------------------------
Tests run: 7, Failures: 1, Errors: 0, Skipped: 0, Time elapsed: 66.6 s <<< FAILURE! - in Selenium_4_Tests.TestDevToolsNetworkInterception
Selenium_4_Tests.TestDevToolsNetworkInterception.verifyWebSocketOperationTest  Time elapsed: 17.256 s  <<< FAILURE!
org.assertj.core.error.AssertJMultipleFailuresError: 

Multiple Failures (1 failure)
-- failure 1 --
Expecting actual:
  "Online Websockets Tester - Debug Client Tool"
to contain:
  "Online WebSocket" 
at TestDevToolsNetworkInterception.lambda$verifyWebSocketOperationTest$19(TestDevToolsNetworkInterception.java:207)
	at Selenium_4_Tests.TestDevToolsNetworkInterception.verifyWebSocketOperationTest(TestDevToolsNetworkInterception.java:207)
	at java.base/java.lang.reflect.Method.invoke(Method.java:580)
	at java.base/java.util.ArrayList.forEach(ArrayList.java:1597)
	at java.base/java.util.ArrayList.forEach(ArrayList.java:1597)

