-------------------------------------------------------------------------------
Test set: Selenium_4_Tests.TestScreenshots
-------------------------------------------------------------------------------
Tests run: 4, Failures: 0, Errors: 1, Skipped: 0, Time elapsed: 26.151 s <<< FAILURE! - in Selenium_4_Tests.TestScreenshots
Selenium_4_Tests.TestScreenshots.takeFullPageScreenshot  Time elapsed: 6.177 s  <<< ERROR!
java.lang.ClassCastException: class org.openqa.selenium.edge.EdgeDriver cannot be cast to class org.openqa.selenium.firefox.FirefoxDriver (org.openqa.selenium.edge.EdgeDriver and org.openqa.selenium.firefox.FirefoxDriver are in unnamed module of loader 'app')
	at Selenium_4_Tests.Pages.ScreenshotsPage.takeShopContentScreenshot(ScreenshotsPage.java:113)
	at Selenium_4_Tests.TestScreenshots.takeFullPageScreenshot(TestScreenshots.java:75)
	at java.base/java.lang.reflect.Method.invoke(Method.java:580)
	at java.base/java.util.ArrayList.forEach(ArrayList.java:1597)
	at java.base/java.util.ArrayList.forEach(ArrayList.java:1597)

