-------------------------------------------------------------------------------
Test set: Selenium_4_Tests.TestElementPosition
-------------------------------------------------------------------------------
Tests run: 2, Failures: 1, Errors: 0, Skipped: 0, Time elapsed: 9.956 s <<< FAILURE! - in Selenium_4_Tests.TestElementPosition
Selenium_4_Tests.TestElementPosition.getElementPosition  Time elapsed: 4.887 s  <<< FAILURE!
org.assertj.core.error.AssertJMultipleFailuresError: 

Multiple Failures (1 failure)
-- failure 1 --
expected: 303
 but was: 300
at TestElementPosition.lambda$getElementPosition$0(TestElementPosition.java:46)
	at Selenium_4_Tests.TestElementPosition.getElementPosition(TestElementPosition.java:45)
	at java.base/java.lang.reflect.Method.invoke(Method.java:580)
	at java.base/java.util.ArrayList.forEach(ArrayList.java:1597)
	at java.base/java.util.ArrayList.forEach(ArrayList.java:1597)

